Copyright 1986-2018 Xilinx, Inc. All Rights Reserved.
-------------------------------------------------------------------------------------------------------------------------------------------------------
| Tool Version     : Vivado v.2018.2 (win64) Build 2258646 Thu Jun 14 20:03:12 MDT 2018
| Date             : Sat Apr  3 19:42:43 2021
| Host             : DESKTOP-LURHGU7 running 64-bit major release  (build 9200)
| Command          : report_power -file Top_Student_power_routed.rpt -pb Top_Student_power_summary_routed.pb -rpx Top_Student_power_routed.rpx
| Design           : Top_Student
| Device           : xc7a35tcpg236-1
| Design State     : routed
| Grade            : commercial
| Process          : typical
| Characterization : Production
-------------------------------------------------------------------------------------------------------------------------------------------------------

Power Report

Table of Contents
-----------------
1. Summary
1.1 On-Chip Components
1.2 Power Supply Summary
1.3 Confidence Level
2. Settings
2.1 Environment
2.2 Clock Constraints
3. Detailed Reports
3.1 By Hierarchy

1. Summary
----------

+--------------------------+--------------+
| Total On-Chip Power (W)  | 0.127        |
| Design Power Budget (W)  | Unspecified* |
| Power Budget Margin (W)  | NA           |
| Dynamic (W)              | 0.054        |
| Device Static (W)        | 0.074        |
| Effective TJA (C/W)      | 5.0          |
| Max Ambient (C)          | 84.4         |
| Junction Temperature (C) | 25.6         |
| Confidence Level         | Low          |
| Setting File             | ---          |
| Simulation Activity File | ---          |
| Design Nets Matched      | NA           |
+--------------------------+--------------+
* Specify Design Power Budget using, set_operating_conditions -design_power_budget <value in Watts>


1.1 On-Chip Components
----------------------

+----------------+-----------+----------+-----------+-----------------+
| On-Chip        | Power (W) | Used     | Available | Utilization (%) |
+----------------+-----------+----------+-----------+-----------------+
| Clocks         |     0.005 |        3 |       --- |             --- |
| Slice Logic    |     0.002 |    18211 |       --- |             --- |
|   LUT as Logic |     0.001 |    11638 |     20800 |           55.95 |
|   CARRY4       |    <0.001 |      195 |      8150 |            2.39 |
|   Register     |    <0.001 |      948 |     41600 |            2.28 |
|   Others       |     0.000 |       86 |       --- |             --- |
|   BUFG         |     0.000 |        2 |        32 |            6.25 |
|   F7/F8 Muxes  |     0.000 |     4946 |     32600 |           15.17 |
| Signals        |     0.002 |     7746 |       --- |             --- |
| Block RAM      |     0.044 |       40 |        50 |           80.00 |
| I/O            |    <0.001 |       53 |       106 |           50.00 |
| Static Power   |     0.074 |          |           |                 |
| Total          |     0.127 |          |           |                 |
+----------------+-----------+----------+-----------+-----------------+


1.2 Power Supply Summary
------------------------

+-----------+-------------+-----------+-------------+------------+
| Source    | Voltage (V) | Total (A) | Dynamic (A) | Static (A) |
+-----------+-------------+-----------+-------------+------------+
| Vccint    |       1.000 |     0.060 |       0.049 |      0.011 |
| Vccaux    |       1.800 |     0.013 |       0.000 |      0.013 |
| Vcco33    |       3.300 |     0.001 |       0.000 |      0.001 |
| Vcco25    |       2.500 |     0.000 |       0.000 |      0.000 |
| Vcco18    |       1.800 |     0.000 |       0.000 |      0.000 |
| Vcco15    |       1.500 |     0.000 |       0.000 |      0.000 |
| Vcco135   |       1.350 |     0.000 |       0.000 |      0.000 |
| Vcco12    |       1.200 |     0.000 |       0.000 |      0.000 |
| Vccaux_io |       1.800 |     0.000 |       0.000 |      0.000 |
| Vccbram   |       1.000 |     0.005 |       0.004 |      0.001 |
| MGTAVcc   |       1.000 |     0.000 |       0.000 |      0.000 |
| MGTAVtt   |       1.200 |     0.000 |       0.000 |      0.000 |
| Vccadc    |       1.800 |     0.020 |       0.000 |      0.020 |
+-----------+-------------+-----------+-------------+------------+


1.3 Confidence Level
--------------------

+-----------------------------+------------+--------------------------------------------------------+--------------------------------------------------------------------------------------------------------------------+
| User Input Data             | Confidence | Details                                                | Action                                                                                                             |
+-----------------------------+------------+--------------------------------------------------------+--------------------------------------------------------------------------------------------------------------------+
| Design implementation state | High       | Design is routed                                       |                                                                                                                    |
| Clock nodes activity        | Low        | User specified less than 75% of clocks                 | Provide missing clock activity with a constraint file, simulation results or by editing the "By Clock Domain" view |
| I/O nodes activity          | Low        | More than 75% of inputs are missing user specification | Provide missing input activity with simulation results or by editing the "By Resource Type -> I/Os" view           |
| Internal nodes activity     | Medium     | User specified less than 25% of internal nodes         | Provide missing internal nodes activity with simulation results or by editing the "By Resource Type" views         |
| Device models               | High       | Device models are Production                           |                                                                                                                    |
|                             |            |                                                        |                                                                                                                    |
| Overall confidence level    | Low        |                                                        |                                                                                                                    |
+-----------------------------+------------+--------------------------------------------------------+--------------------------------------------------------------------------------------------------------------------+


2. Settings
-----------

2.1 Environment
---------------

+-----------------------+--------------------------+
| Ambient Temp (C)      | 25.0                     |
| ThetaJA (C/W)         | 5.0                      |
| Airflow (LFM)         | 250                      |
| Heat Sink             | medium (Medium Profile)  |
| ThetaSA (C/W)         | 4.6                      |
| Board Selection       | medium (10"x10")         |
| # of Board Layers     | 12to15 (12 to 15 Layers) |
| Board Temperature (C) | 25.0                     |
+-----------------------+--------------------------+


2.2 Clock Constraints
---------------------

+-------------+--------+-----------------+
| Clock       | Domain | Constraint (ns) |
+-------------+--------+-----------------+
| sys_clk_pin | CLOCK  |            10.0 |
+-------------+--------+-----------------+


3. Detailed Reports
-------------------

3.1 By Hierarchy
----------------

+----------------------+-----------+
| Name                 | Power (W) |
+----------------------+-----------+
| Top_Student          |     0.054 |
|   a                  |    <0.001 |
|   b                  |    <0.001 |
|   lv0                |    <0.001 |
|     breakout         |    <0.001 |
|     down_sig         |    <0.001 |
|       a              |     0.000 |
|       b              |    <0.001 |
|     left_sig         |    <0.001 |
|       a              |    <0.001 |
|       b              |     0.000 |
|     locked           |     0.000 |
|     right_sig        |    <0.001 |
|       a              |    <0.001 |
|     shaking1         |     0.000 |
|     shaking2         |     0.000 |
|     up_sig           |    <0.001 |
|       a              |    <0.001 |
|       b              |     0.000 |
|   lv1                |     0.024 |
|     background       |     0.007 |
|     death            |     0.007 |
|     fall             |     0.007 |
|     guard_corridor   |     0.000 |
|     randomname       |    <0.001 |
|     testing          |     0.000 |
|     travelontrapdoor |    <0.001 |
|     traveltotrapdoor |    <0.001 |
|   lv2                |     0.023 |
|     destroyed        |     0.007 |
|     glasiscracked    |     0.007 |
|     glassstanding    |     0.007 |
|     ledclockglass    |    <0.001 |
|     traveltotrapdoor |    <0.001 |
|   microphone         |    <0.001 |
|   my_menu            |    <0.001 |
|     fps              |    <0.001 |
|     right_sig        |     0.000 |
|       b              |     0.000 |
|   peakvsmic          |     0.002 |
|     thirtykhz        |    <0.001 |
|     twentykhz        |    <0.001 |
|   reset_sig          |    <0.001 |
|     a                |    <0.001 |
|     b                |    <0.001 |
|   state_check        |    <0.001 |
|   test               |    <0.001 |
|   venom_fight        |     0.001 |
|     fightover        |     0.000 |
|     venom1           |    <0.001 |
|     venom2           |    <0.001 |
|   vol_disp           |    <0.001 |
+----------------------+-----------+


